#
# A fatal error has been detected by the Java Runtime Environment:
#
#  EXCEPTION_ACCESS_VIOLATION (0xc0000005) at pc=0x060e1a9b, pid=19144, tid=20744
#
# JRE version: 7.0_09-b05
# Java VM: Java HotSpot(TM) Client VM (23.5-b02 mixed mode, sharing windows-x86 )
# Problematic frame:
# C  [jmddraw.dll+0x1a9b]  Java_com_sun_media_renderer_video_DDRenderer_dxDraw+0x1db
#
# Failed to write core dump. Minidumps are not enabled by default on client versions of Windows
#
# If you would like to submit a bug report, please visit:
#   http://bugreport.sun.com/bugreport/crash.jsp
# The crash happened outside the Java Virtual Machine in native code.
# See problematic frame for where to report the bug.
#

---------------  T H R E A D  ---------------

Current thread (0x03bdf000):  JavaThread "Loop thread: com.sun.media.renderer.video.DDRenderer@53f8eb" [_thread_in_native, id=20744, stack(0x0b590000,0x0b5e0000)]

siginfo: ExceptionCode=0xc0000005, writing address 0x00000000

Registers:
EAX=0x00000000, EBX=0x0b1d0090, ECX=0x00000000, EDX=0x2969f4b8
ESP=0x0b5df6d8, EBP=0x0deb0020, ESI=0x03bdf128, EDI=0x00000000
EIP=0x060e1a9b, EFLAGS=0x00010206

Top of Stack: (sp=0x0b5df6d8)
0x0b5df6d8:   03bdf000 34418bc0 0b5df828 34418bc0
0x0b5df6e8:   0dd70000 00000000 0deb0020 03c11140
0x0b5df6f8:   00000000 2969f4b8 00000a00 00000004
0x0b5df708:   6e348278 0000008e 03bdf000 00000211
0x0b5df718:   03bdf104 0b5df738 00000000 00000000
0x0b5df728:   00000000 00000000 00000280 000001e0
0x0b5df738:   00000038 00000000 2969f4b8 0857bb86
0x0b5df748:   2969f4b8 03bdf000 0b5df774 6e353eb9 

Instructions: (pc=0x060e1a9b)
0x060e1a7b:   85 c0 0f 84 31 01 00 00 83 f8 20 0f 84 28 01 00
0x060e1a8b:   00 50 e8 6b 07 00 00 8b 54 24 28 8b f8 83 c4 04
0x060e1a9b:   89 17 8b 43 1c 8d 54 24 24 8b 08 52 8d 54 24 38
0x060e1aab:   57 52 50 ff 51 0c 57 e8 17 07 00 00 83 c4 04 c7 


Register to memory mapping:

EAX=0x00000000 is an unknown value
EBX=0x0b1d0090 is an unknown value
ECX=0x00000000 is an unknown value
EDX=0x2969f4b8 is an oop
com.sun.media.CircularBuffer 
 - klass: 'com/sun/media/CircularBuffer'
ESP=0x0b5df6d8 is pointing into the stack for thread: 0x03bdf000
EBP=0x0deb0020 is an unknown value
ESI=0x03bdf128 is an unknown value
EDI=0x00000000 is an unknown value


Stack: [0x0b590000,0x0b5e0000],  sp=0x0b5df6d8,  free space=317k
Native frames: (J=compiled Java code, j=interpreted, Vv=VM code, C=native code)
C  [jmddraw.dll+0x1a9b]  Java_com_sun_media_renderer_video_DDRenderer_dxDraw+0x1db

Java frames: (J=compiled Java code, j=interpreted, Vv=VM code)
j  com.sun.media.renderer.video.DDRenderer.dxDraw(Ljava/lang/Object;JII)Z+0
j  com.sun.media.renderer.video.DDRenderer.doProcess(Ljavax/media/Buffer;)I+217
j  com.sun.media.renderer.video.BasicVideoRenderer.process(Ljavax/media/Buffer;)I+18
j  com.sun.media.BasicRendererModule.processBuffer(Ljavax/media/Buffer;)I+357
j  com.sun.media.BasicRendererModule.scheduleBuffer(Ljavax/media/Buffer;)Z+164
j  com.sun.media.BasicRendererModule.doProcess()Z+330
j  com.sun.media.RenderThread.process()Z+4
j  com.sun.media.util.LoopThread.run()V+14
v  ~StubRoutines::call_stub

---------------  P R O C E S S  ---------------

Java Threads: ( => current thread )
=>0x03bdf000 JavaThread "Loop thread: com.sun.media.renderer.video.DDRenderer@53f8eb" [_thread_in_native, id=20744, stack(0x0b590000,0x0b5e0000)]
  0x03bdd000 JavaThread "Loop thread: com.sun.media.parser.RawBufferParser$FrameTrack@4fc8a7" [_thread_in_native, id=20788, stack(0x0b830000,0x0b880000)]
  0x03bde800 JavaThread "Loop thread" [_thread_blocked, id=19852, stack(0x0b5f0000,0x0b640000)]
  0x03bde000 JavaThread "VFW TransferDataThread" [_thread_blocked, id=16440, stack(0x0b180000,0x0b1d0000)]
  0x03bddc00 JavaThread "VFW VideoPollThread" [_thread_blocked, id=20112, stack(0x0b130000,0x0b180000)]
  0x03bd4800 JavaThread "JMF thread: SendEventQueue: com.sun.media.PlaybackEngine" [_thread_blocked, id=18816, stack(0x0ae50000,0x0aea0000)]
  0x03bd4000 JavaThread "JMF thread: SendEventQueue: com.sun.media.content.unknown.Handler" [_thread_blocked, id=20668, stack(0x0b080000,0x0b0d0000)]
  0x08013400 JavaThread "TimerQueue" daemon [_thread_blocked, id=9756, stack(0x0aea0000,0x0aef0000)]
  0x086ca400 JavaThread "VFW Request Thread" [_thread_blocked, id=16648, stack(0x0ac30000,0x0ac80000)]
  0x080eb400 JavaThread "Thread-5" [_thread_in_Java, id=21244, stack(0x08220000,0x08270000)]
  0x0069b800 JavaThread "DestroyJavaVM" [_thread_blocked, id=12200, stack(0x01680000,0x016d0000)]
  0x03c8a400 JavaThread "AWT-EventQueue-0" [_thread_blocked, id=21700, stack(0x03f30000,0x03f80000)]
  0x03c89000 JavaThread "AWT-Shutdown" [_thread_blocked, id=12572, stack(0x03fb0000,0x04000000)]
  0x03c59800 JavaThread "Java2D Disposer" daemon [_thread_blocked, id=9044, stack(0x03ea0000,0x03ef0000)]
  0x0189fc00 JavaThread "Service Thread" daemon [_thread_blocked, id=17548, stack(0x03dc0000,0x03e10000)]
  0x0189e000 JavaThread "C1 CompilerThread0" daemon [_thread_blocked, id=19812, stack(0x03b70000,0x03bc0000)]
  0x01899800 JavaThread "Attach Listener" daemon [_thread_blocked, id=14888, stack(0x03a10000,0x03a60000)]
  0x01896400 JavaThread "Signal Dispatcher" daemon [_thread_blocked, id=8752, stack(0x01730000,0x01780000)]
  0x01876c00 JavaThread "Finalizer" daemon [_thread_blocked, id=17144, stack(0x03ac0000,0x03b10000)]
  0x01872000 JavaThread "Reference Handler" daemon [_thread_blocked, id=12916, stack(0x03970000,0x039c0000)]

Other Threads:
  0x01870800 VMThread [stack: 0x009d0000,0x00a20000] [id=16760]
  0x018a2000 WatcherThread [stack: 0x03a60000,0x03ab0000] [id=17804]

VM state:not at safepoint (normal execution)

VM Mutex/Monitor currently owned by a thread: None

Heap
 def new generation   total 27840K, used 19436K [0x23be0000, 0x25a10000, 0x29130000)
  eden space 24768K,  75% used [0x23be0000, 0x24e354a0, 0x25410000)
  from space 3072K,  21% used [0x25410000, 0x254b5b70, 0x25710000)
  to   space 3072K,   0% used [0x25710000, 0x25710000, 0x25a10000)
 tenured generation   total 61684K, used 44518K [0x29130000, 0x2cd6d000, 0x33be0000)
   the space 61684K,  72% used [0x29130000, 0x2bca9898, 0x2bca9a00, 0x2cd6d000)
 compacting perm gen  total 12288K, used 8802K [0x33be0000, 0x347e0000, 0x37be0000)
   the space 12288K,  71% used [0x33be0000, 0x34478b60, 0x34478c00, 0x347e0000)
    ro space 10240K,  42% used [0x37be0000, 0x38020348, 0x38020400, 0x385e0000)
    rw space 12288K,  54% used [0x385e0000, 0x38c606f0, 0x38c60800, 0x391e0000)

Card table byte_map: [0x005c0000,0x00670000] byte_map_base: 0x004a2100

Polling page: 0x00110000

Code Cache  [0x018c0000, 0x01b70000, 0x038c0000)
 total_blobs=1470 nmethods=1189 adapters=215 free_code_cache=30034Kb largest_free_block=30754880

Compilation events (10 events):
Event: 32.935 Thread 0x0189e000 1155             com.sun.media.protocol.vfw.VFWSourceStream::getCBHandle (5 bytes)
Event: 32.935 Thread 0x0189e000 nmethod 1155 0x01b6a688 code [0x01b6a780, 0x01b6a800]
Event: 32.950 Thread 0x0189e000 1156             com.sun.media.protocol.vfw.VFWSourceStream::access$200 (5 bytes)
Event: 32.951 Thread 0x0189e000 nmethod 1156 0x01b6ab08 code [0x01b6ac00, 0x01b6ac70]
Event: 33.557 Thread 0x0189e000 1158             sun.java2d.SunGraphics2D::transformShape (36 bytes)
Event: 33.557 Thread 0x0189e000 nmethod 1158 0x01b6acc8 code [0x01b6ade0, 0x01b6aec8]
Event: 33.557 Thread 0x0189e000 1159             sun.font.GlyphList::usePositions (5 bytes)
Event: 33.557 Thread 0x0189e000 nmethod 1159 0x01b6af48 code [0x01b6b040, 0x01b6b0c0]
Event: 35.144 Thread 0x0189e000 1162             java.util.concurrent.locks.AbstractQueuedSynchronizer::compareAndSetWaitStatus (13 bytes)
Event: 35.145 Thread 0x0189e000 nmethod 1162 0x01b6b608 code [0x01b6b700, 0x01b6b790]

GC Heap History (10 events):
Event: 35.002 GC heap before
{Heap before GC invocations=140 (full 8):
 def new generation   total 27200K, used 24193K [0x23be0000, 0x25960000, 0x29130000)
  eden space 24192K, 100% used [0x23be0000, 0x25380000, 0x25380000)
  from space 3008K,   0% used [0x25380000, 0x25380510, 0x25670000)
  to   space 3008K,   0% used [0x25670000, 0x25670000, 0x25960000)
 tenured generation   total 60304K, used 54941K [0x29130000, 0x2cc14000, 0x33be0000)
   the space 60304K,  91% used [0x29130000, 0x2c6d74c0, 0x2c6d7600, 0x2cc14000)
 compacting perm gen  total 12288K, used 8800K [0x33be0000, 0x347e0000, 0x37be0000)
   the space 12288K,  71% used [0x33be0000, 0x34478078, 0x34478200, 0x347e0000)
    ro space 10240K,  42% used [0x37be0000, 0x38020348, 0x38020400, 0x385e0000)
    rw space 12288K,  54% used [0x385e0000, 0x38c606f0, 0x38c60800, 0x391e0000)
Event: 35.096 GC heap after
Heap after GC invocations=141 (full 9):
 def new generation   total 27840K, used 0K [0x23be0000, 0x25a10000, 0x29130000)
  eden space 24768K,   0% used [0x23be0000, 0x23be0000, 0x25410000)
  from space 3072K,   0% used [0x25410000, 0x25410000, 0x25710000)
  to   space 3072K,   0% used [0x25710000, 0x25710000, 0x25a10000)
 tenured generation   total 61684K, used 37008K [0x29130000, 0x2cd6d000, 0x33be0000)
   the space 61684K,  59% used [0x29130000, 0x2b5542d0, 0x2b554400, 0x2cd6d000)
 compacting perm gen  total 12288K, used 8800K [0x33be0000, 0x347e0000, 0x37be0000)
   the space 12288K,  71% used [0x33be0000, 0x34478078, 0x34478200, 0x347e0000)
    ro space 10240K,  42% used [0x37be0000, 0x38020348, 0x38020400, 0x385e0000)
    rw space 12288K,  54% used [0x385e0000, 0x38c606f0, 0x38c60800, 0x391e0000)
}
Event: 35.221 GC heap before
{Heap before GC invocations=141 (full 9):
 def new generation   total 27840K, used 24768K [0x23be0000, 0x25a10000, 0x29130000)
  eden space 24768K, 100% used [0x23be0000, 0x25410000, 0x25410000)
  from space 3072K,   0% used [0x25410000, 0x25410000, 0x25710000)
  to   space 3072K,   0% used [0x25710000, 0x25710000, 0x25a10000)
 tenured generation   total 61684K, used 37008K [0x29130000, 0x2cd6d000, 0x33be0000)
   the space 61684K,  59% used [0x29130000, 0x2b5542d0, 0x2b554400, 0x2cd6d000)
 compacting perm gen  total 12288K, used 8800K [0x33be0000, 0x347e0000, 0x37be0000)
   the space 12288K,  71% used [0x33be0000, 0x34478078, 0x34478200, 0x347e0000)
    ro space 10240K,  42% used [0x37be0000, 0x38020348, 0x38020400, 0x385e0000)
    rw space 12288K,  54% used [0x385e0000, 0x38c606f0, 0x38c60800, 0x391e0000)
Event: 35.227 GC heap after
Heap after GC invocations=142 (full 9):
 def new generation   total 27840K, used 3070K [0x23be0000, 0x25a10000, 0x29130000)
  eden space 24768K,   0% used [0x23be0000, 0x23be0000, 0x25410000)
  from space 3072K,  99% used [0x25710000, 0x25a0f908, 0x25a10000)
  to   space 3072K,   0% used [0x25410000, 0x25410000, 0x25710000)
 tenured generation   total 61684K, used 41126K [0x29130000, 0x2cd6d000, 0x33be0000)
   the space 61684K,  66% used [0x29130000, 0x2b9599f0, 0x2b959a00, 0x2cd6d000)
 compacting perm gen  total 12288K, used 8800K [0x33be0000, 0x347e0000, 0x37be0000)
   the space 12288K,  71% used [0x33be0000, 0x34478078, 0x34478200, 0x347e0000)
    ro space 10240K,  42% used [0x37be0000, 0x38020348, 0x38020400, 0x385e0000)
    rw space 12288K,  54% used [0x385e0000, 0x38c606f0, 0x38c60800, 0x391e0000)
}
Event: 35.391 GC heap before
{Heap before GC invocations=142 (full 9):
 def new generation   total 27840K, used 27838K [0x23be0000, 0x25a10000, 0x29130000)
  eden space 24768K, 100% used [0x23be0000, 0x25410000, 0x25410000)
  from space 3072K,  99% used [0x25710000, 0x25a0f908, 0x25a10000)
  to   space 3072K,   0% used [0x25410000, 0x25410000, 0x25710000)
 tenured generation   total 61684K, used 41126K [0x29130000, 0x2cd6d000, 0x33be0000)
   the space 61684K,  66% used [0x29130000, 0x2b9599f0, 0x2b959a00, 0x2cd6d000)
 compacting perm gen  total 12288K, used 8800K [0x33be0000, 0x347e0000, 0x37be0000)
   the space 12288K,  71% used [0x33be0000, 0x34478078, 0x34478200, 0x347e0000)
    ro space 10240K,  42% used [0x37be0000, 0x38020348, 0x38020400, 0x385e0000)
    rw space 12288K,  54% used [0x385e0000, 0x38c606f0, 0x38c60800, 0x391e0000)
Event: 35.394 GC heap after
Heap after GC invocations=143 (full 9):
 def new generation   total 27840K, used 0K [0x23be0000, 0x25a10000, 0x29130000)
  eden space 24768K,   0% used [0x23be0000, 0x23be0000, 0x25410000)
  from space 3072K,   0% used [0x25410000, 0x25410030, 0x25710000)
  to   space 3072K,   0% used [0x25710000, 0x25710000, 0x25a10000)
 tenured generation   total 61684K, used 44196K [0x29130000, 0x2cd6d000, 0x33be0000)
   the space 61684K,  71% used [0x29130000, 0x2bc59280, 0x2bc59400, 0x2cd6d000)
 compacting perm gen  total 12288K, used 8800K [0x33be0000, 0x347e0000, 0x37be0000)
   the space 12288K,  71% used [0x33be0000, 0x34478078, 0x34478200, 0x347e0000)
    ro space 10240K,  42% used [0x37be0000, 0x38020348, 0x38020400, 0x385e0000)
    rw space 12288K,  54% used [0x385e0000, 0x38c606f0, 0x38c60800, 0x391e0000)
}
Event: 35.506 GC heap before
{Heap before GC invocations=143 (full 9):
 def new generation   total 27840K, used 24768K [0x23be0000, 0x25a10000, 0x29130000)
  eden space 24768K, 100% used [0x23be0000, 0x25410000, 0x25410000)
  from space 3072K,   0% used [0x25410000, 0x25410030, 0x25710000)
  to   space 3072K,   0% used [0x25710000, 0x25710000, 0x25a10000)
 tenured generation   total 61684K, used 44196K [0x29130000, 0x2cd6d000, 0x33be0000)
   the space 61684K,  71% used [0x29130000, 0x2bc59280, 0x2bc59400, 0x2cd6d000)
 compacting perm gen  total 12288K, used 8800K [0x33be0000, 0x347e0000, 0x37be0000)
   the space 12288K,  71% used [0x33be0000, 0x34478078, 0x34478200, 0x347e0000)
    ro space 10240K,  42% used [0x37be0000, 0x38020348, 0x38020400, 0x385e0000)
    rw space 12288K,  54% used [0x385e0000, 0x38c606f0, 0x38c60800, 0x391e0000)
Event: 35.508 GC heap after
Heap after GC invocations=144 (full 9):
 def new generation   total 27840K, used 3054K [0x23be0000, 0x25a10000, 0x29130000)
  eden space 24768K,   0% used [0x23be0000, 0x23be0000, 0x25410000)
  from space 3072K,  99% used [0x25710000, 0x25a0bb28, 0x25a10000)
  to   space 3072K,   0% used [0x25410000, 0x25410000, 0x25710000)
 tenured generation   total 61684K, used 44196K [0x29130000, 0x2cd6d000, 0x33be0000)
   the space 61684K,  71% used [0x29130000, 0x2bc59280, 0x2bc59400, 0x2cd6d000)
 compacting perm gen  total 12288K, used 8800K [0x33be0000, 0x347e0000, 0x37be0000)
   the space 12288K,  71% used [0x33be0000, 0x34478078, 0x34478200, 0x347e0000)
    ro space 10240K,  42% used [0x37be0000, 0x38020348, 0x38020400, 0x385e0000)
    rw space 12288K,  54% used [0x385e0000, 0x38c606f0, 0x38c60800, 0x391e0000)
}
Event: 35.792 GC heap before
{Heap before GC invocations=144 (full 9):
 def new generation   total 27840K, used 27822K [0x23be0000, 0x25a10000, 0x29130000)
  eden space 24768K, 100% used [0x23be0000, 0x25410000, 0x25410000)
  from space 3072K,  99% used [0x25710000, 0x25a0bb28, 0x25a10000)
  to   space 3072K,   0% used [0x25410000, 0x25410000, 0x25710000)
 tenured generation   total 61684K, used 44196K [0x29130000, 0x2cd6d000, 0x33be0000)
   the space 61684K,  71% used [0x29130000, 0x2bc59280, 0x2bc59400, 0x2cd6d000)
 compacting perm gen  total 12288K, used 8800K [0x33be0000, 0x347e0000, 0x37be0000)
   the space 12288K,  71% used [0x33be0000, 0x34478078, 0x34478200, 0x347e0000)
    ro space 10240K,  42% used [0x37be0000, 0x38020348, 0x38020400, 0x385e0000)
    rw space 12288K,  54% used [0x385e0000, 0x38c606f0, 0x38c60800, 0x391e0000)
Event: 35.794 GC heap after
Heap after GC invocations=145 (full 9):
 def new generation   total 27840K, used 662K [0x23be0000, 0x25a10000, 0x29130000)
  eden space 24768K,   0% used [0x23be0000, 0x23be0000, 0x25410000)
  from space 3072K,  21% used [0x25410000, 0x254b5b70, 0x25710000)
  to   space 3072K,   0% used [0x25710000, 0x25710000, 0x25a10000)
 tenured generation   total 61684K, used 44518K [0x29130000, 0x2cd6d000, 0x33be0000)
   the space 61684K,  72% used [0x29130000, 0x2bca9898, 0x2bca9a00, 0x2cd6d000)
 compacting perm gen  total 12288K, used 8800K [0x33be0000, 0x347e0000, 0x37be0000)
   the space 12288K,  71% used [0x33be0000, 0x34478078, 0x34478200, 0x347e0000)
    ro space 10240K,  42% used [0x37be0000, 0x38020348, 0x38020400, 0x385e0000)
    rw space 12288K,  54% used [0x385e0000, 0x38c606f0, 0x38c60800, 0x391e0000)
}

Deoptimization events (0 events):
No events

Internal exceptions (10 events):
Event: 11.640 Thread 0x07d87c00 Threw 0x23d0c608 at C:\jdk7u1_32P\jdk7u9_3984_new\hotspot\src\share\vm\prims\jvm.cpp:1166
Event: 11.658 Thread 0x07d87c00 Threw 0x23d126d8 at C:\jdk7u1_32P\jdk7u9_3984_new\hotspot\src\share\vm\prims\jvm.cpp:1166
Event: 11.659 Thread 0x07d87c00 Threw 0x23d14560 at C:\jdk7u1_32P\jdk7u9_3984_new\hotspot\src\share\vm\prims\jvm.cpp:1166
Event: 11.810 Thread 0x080eb400 Threw 0x244527b0 at C:\jdk7u1_32P\jdk7u9_3984_new\hotspot\src\share\vm\prims\jvm.cpp:1166
Event: 11.845 Thread 0x080eb400 Threw 0x23f97a30 at C:\jdk7u1_32P\jdk7u9_3984_new\hotspot\src\share\vm\prims\jvm.cpp:1166
Event: 11.932 Thread 0x080eb400 Threw 0x23eb1260 at C:\jdk7u1_32P\jdk7u9_3984_new\hotspot\src\share\vm\prims\jvm.cpp:1166
Event: 12.687 Thread 0x080eb400 Threw 0x23f8f5d0 at C:\jdk7u1_32P\jdk7u9_3984_new\hotspot\src\share\vm\prims\jvm.cpp:1166
Event: 12.881 Thread 0x080eb400 Threw 0x24dce6f0 at C:\jdk7u1_32P\jdk7u9_3984_new\hotspot\src\share\vm\prims\jvm.cpp:1166
Event: 12.889 Thread 0x080eb400 Threw 0x24f046d0 at C:\jdk7u1_32P\jdk7u9_3984_new\hotspot\src\share\vm\prims\jvm.cpp:1166
Event: 13.100 Thread 0x080eb400 Threw 0x23f32898 at C:\jdk7u1_32P\jdk7u9_3984_new\hotspot\src\share\vm\prims\jvm.cpp:1166

Events (10 events):
Event: 35.794 Executing VM operation: GenCollectForAllocation done
Event: 35.841 Thread 0x03bdd400 Thread added: 0x03bdd400
Event: 35.842 Thread 0x03bdfc00 Thread added: 0x03bdfc00
Event: 35.842 Thread 0x03be0000 Thread added: 0x03be0000
Event: 35.842 Thread 0x03cc4400 Thread exited: 0x03cc4400
Event: 35.842 Thread 0x03bdd400 Thread exited: 0x03bdd400
Event: 35.843 Thread 0x03bdfc00 Thread exited: 0x03bdfc00
Event: 35.843 loading class 0x3937c938
Event: 35.843 loading class 0x3937c938 done
Event: 35.894 Thread 0x03c89800 Thread exited: 0x03c89800


Dynamic libraries:
0x00a20000 - 0x00a4f000 	D:\Program Files\Java\jre7\bin\javaw.exe
0x77ba0000 - 0x77cdc000 	C:\Windows\SYSTEM32\ntdll.dll
0x75e90000 - 0x75f64000 	C:\Windows\system32\kernel32.dll
0x75a50000 - 0x75a9b000 	C:\Windows\system32\KERNELBASE.dll
0x77900000 - 0x779a0000 	C:\Windows\system32\ADVAPI32.dll
0x77590000 - 0x7763c000 	C:\Windows\system32\msvcrt.dll
0x75dd0000 - 0x75de9000 	C:\Windows\SYSTEM32\sechost.dll
0x75d20000 - 0x75dc1000 	C:\Windows\system32\RPCRT4.dll
0x77ad0000 - 0x77b99000 	C:\Windows\system32\USER32.dll
0x76d70000 - 0x76dbe000 	C:\Windows\system32\GDI32.dll
0x77d40000 - 0x77d4a000 	C:\Windows\system32\LPK.dll
0x75df0000 - 0x75e8d000 	C:\Windows\system32\USP10.dll
0x74ab0000 - 0x74c4e000 	C:\Windows\WinSxS\x86_microsoft.windows.common-controls_6595b64144ccf1df_6.0.7601.17514_none_41e6975e2bd6f2b2\COMCTL32.dll
0x77220000 - 0x77277000 	C:\Windows\system32\SHLWAPI.dll
0x77d10000 - 0x77d2f000 	C:\Windows\system32\IMM32.DLL
0x76e20000 - 0x76eec000 	C:\Windows\system32\MSCTF.dll
0x5b550000 - 0x5b60e000 	D:\Program Files\Java\jre7\bin\msvcr100.dll
0x6e210000 - 0x6e55d000 	D:\Program Files\Java\jre7\bin\client\jvm.dll
0x733d0000 - 0x733d7000 	C:\Windows\system32\WSOCK32.dll
0x778c0000 - 0x778f5000 	C:\Windows\system32\WS2_32.dll
0x77d30000 - 0x77d36000 	C:\Windows\system32\NSI.dll
0x75b80000 - 0x75bb2000 	C:\Windows\system32\WINMM.dll
0x76110000 - 0x76115000 	C:\Windows\system32\PSAPI.DLL
0x6ce80000 - 0x6ce8c000 	D:\Program Files\Java\jre7\bin\verify.dll
0x6cab0000 - 0x6cad0000 	D:\Program Files\Java\jre7\bin\java.dll
0x6ca30000 - 0x6ca43000 	D:\Program Files\Java\jre7\bin\zip.dll
0x6c7a0000 - 0x6c8e2000 	D:\Program Files\Java\jre7\bin\awt.dll
0x76f40000 - 0x76fcf000 	C:\Windows\system32\OLEAUT32.dll
0x770c0000 - 0x7721c000 	C:\Windows\system32\ole32.dll
0x74300000 - 0x74340000 	C:\Windows\system32\uxtheme.dll
0x75c10000 - 0x75c23000 	C:\Windows\system32\dwmapi.dll
0x75810000 - 0x7581c000 	C:\Windows\system32\CRYPTBASE.dll
0x5be70000 - 0x5c033000 	C:\Windows\system32\d3d9.dll
0x749d0000 - 0x749d9000 	C:\Windows\system32\VERSION.dll
0x6ca20000 - 0x6ca26000 	C:\Windows\system32\d3d8thk.dll
0x6e680000 - 0x6e767000 	C:\Windows\system32\aticfx32.dll
0x6caa0000 - 0x6caab000 	C:\Windows\system32\atiu9pag.dll
0x0f130000 - 0x0f671000 	C:\Windows\system32\atiumdag.dll
0x50090000 - 0x5051d000 	C:\Windows\system32\atiumdva.dll
0x76120000 - 0x76d6a000 	C:\Windows\system32\SHELL32.dll
0x757c0000 - 0x7580c000 	C:\Windows\system32\apphelp.dll
0x6bea0000 - 0x6bec5000 	D:\Program Files\Java\jre7\bin\jpeg.dll
0x6be70000 - 0x6be9a000 	D:\Program Files\Java\jre7\bin\fontmanager.dll
0x6bf20000 - 0x6bf34000 	D:\Program Files\Java\jre7\bin\net.dll
0x752d0000 - 0x7530c000 	C:\Windows\system32\mswsock.dll
0x752c0000 - 0x752c6000 	C:\Windows\System32\wship6.dll
0x6be60000 - 0x6be6f000 	D:\Program Files\Java\jre7\bin\nio.dll
0x60dc0000 - 0x60df1000 	D:\Program Files\Java\jre7\bin\t2k.dll
0x6bd90000 - 0x6bd9a000 	D:\Program Files\Java\jre7\bin\management.dll
0x749e0000 - 0x749e5000 	C:\Windows\System32\wshtcpip.dll
0x75190000 - 0x751d4000 	C:\Windows\system32\DNSAPI.dll
0x73ab0000 - 0x73ad1000 	C:\Program Files\Bonjour\mdnsNSP.dll
0x74e10000 - 0x74e2c000 	C:\Windows\system32\Iphlpapi.DLL
0x74e00000 - 0x74e07000 	C:\Windows\system32\WINNSI.DLL
0x6fc40000 - 0x6fc46000 	C:\Windows\system32\rasadhlp.dll
0x72af0000 - 0x72b28000 	C:\Windows\System32\fwpuclnt.dll
0x73d90000 - 0x73da0000 	C:\Windows\system32\NLAapi.dll
0x6fc20000 - 0x6fc30000 	C:\Windows\system32\napinsp.dll
0x6f820000 - 0x6f832000 	C:\Windows\system32\pnrpnsp.dll
0x6fc10000 - 0x6fc18000 	C:\Windows\System32\winrnr.dll
0x75340000 - 0x75356000 	C:\Windows\system32\CRYPTSP.dll
0x750b0000 - 0x750eb000 	C:\Windows\system32\rsaenh.dll
0x74ef0000 - 0x74f07000 	C:\Windows\system32\USERENV.dll
0x75890000 - 0x7589b000 	C:\Windows\system32\profapi.dll
0x75c90000 - 0x75d13000 	C:\Windows\system32\CLBCatQ.DLL
0x10000000 - 0x10015000 	D:\Program Files\Java\jre7\bin\jmutil.dll
0x73e00000 - 0x73f30000 	C:\Windows\system32\WindowsCodecs.dll
0x03f80000 - 0x03f97000 	C:\Program Files\Common Files\TortoiseOverlays\TortoiseOverlays.dll
0x03fa0000 - 0x03fae000 	D:\Program Files\TortoiseSVN\bin\TortoiseStub.dll
0x08d70000 - 0x08e38000 	D:\Program Files\TortoiseSVN\bin\TortoiseSVN.dll
0x6f390000 - 0x6f395000 	C:\Windows\system32\SHFOLDER.dll
0x77280000 - 0x77438000 	C:\Windows\system32\WININET.dll
0x75be0000 - 0x75be4000 	C:\Windows\system32\api-ms-win-downlevel-user32-l1-1-0.dll
0x75b60000 - 0x75b65000 	C:\Windows\system32\api-ms-win-downlevel-advapi32-l1-1-0.dll
0x75bd0000 - 0x75bd4000 	C:\Windows\system32\api-ms-win-downlevel-shlwapi-l1-1-0.dll
0x75c00000 - 0x75c04000 	C:\Windows\system32\api-ms-win-downlevel-version-l1-1-0.dll
0x75bc0000 - 0x75bc3000 	C:\Windows\system32\api-ms-win-downlevel-normaliz-l1-1-0.dll
0x77580000 - 0x77583000 	C:\Windows\system32\normaliz.DLL
0x776c0000 - 0x778b8000 	C:\Windows\system32\iertutil.dll
0x6eec0000 - 0x6eee2000 	D:\Program Files\TortoiseSVN\bin\libapr_tsvn.dll
0x70090000 - 0x70133000 	C:\Windows\WinSxS\x86_microsoft.vc90.crt_1fc8b3b9a1e18e3b_9.0.30729.4974_none_50940634bcb759cb\MSVCR90.dll
0x6ee60000 - 0x6ee8f000 	D:\Program Files\TortoiseSVN\bin\libaprutil_tsvn.dll
0x76ef0000 - 0x76f35000 	C:\Windows\system32\WLDAP32.dll
0x04670000 - 0x04682000 	D:\Program Files\TortoiseSVN\bin\intl3_tsvn.dll
0x70000000 - 0x7008e000 	C:\Windows\WinSxS\x86_microsoft.vc90.crt_1fc8b3b9a1e18e3b_9.0.30729.4974_none_50940634bcb759cb\MSVCP90.dll
0x75930000 - 0x75a4e000 	C:\Windows\system32\CRYPT32.dll
0x75900000 - 0x7590c000 	C:\Windows\system32\MSASN1.dll
0x09000000 - 0x09313000 	D:\Program Files\TortoiseSVN\Languages\TortoiseProc2052.dll
0x75f70000 - 0x7610d000 	C:\Windows\system32\SETUPAPI.dll
0x75c30000 - 0x75c57000 	C:\Windows\system32\CFGMGR32.dll
0x75910000 - 0x75922000 	C:\Windows\system32\DEVOBJ.dll
0x6f310000 - 0x6f341000 	C:\Windows\system32\EhStorShell.dll
0x743b0000 - 0x744a5000 	C:\Windows\system32\PROPSYS.dll
0x6fc00000 - 0x6fc0b000 	C:\Windows\system32\CSCAPI.dll
0x6b8f0000 - 0x6b960000 	C:\Windows\system32\ntshrui.dll
0x75600000 - 0x75619000 	C:\Windows\system32\srvcli.dll
0x73a10000 - 0x73a1a000 	C:\Windows\system32\slc.dll
0x061c0000 - 0x061cd000 	D:\Program Files\Java\jre7\bin\jmvfw.dll
0x738b0000 - 0x738c3000 	C:\Windows\system32\AVICAP32.dll
0x5e0a0000 - 0x5e0c1000 	C:\Windows\system32\MSVFW32.dll
0x744b0000 - 0x744e9000 	C:\Windows\system32\MMDevAPI.DLL
0x73a40000 - 0x73a70000 	C:\Windows\system32\wdmaud.drv
0x73a30000 - 0x73a34000 	C:\Windows\system32\ksuser.dll
0x74380000 - 0x74387000 	C:\Windows\system32\AVRT.dll
0x739d0000 - 0x73a06000 	C:\Windows\system32\AUDIOSES.DLL
0x739c0000 - 0x739c8000 	C:\Windows\system32\msacm32.drv
0x739a0000 - 0x739b4000 	C:\Windows\system32\MSACM32.dll
0x73990000 - 0x73997000 	C:\Windows\system32\midimap.dll
0x71700000 - 0x71714000 	C:\Windows\system32\devenum.dll
0x74080000 - 0x740a1000 	C:\Windows\system32\ntmarta.dll
0x75b30000 - 0x75b5d000 	C:\Windows\system32\WINTRUST.dll
0x714d0000 - 0x714db000 	C:\Windows\system32\msdmo.dll
0x5d710000 - 0x5d743000 	C:\Windows\system32\ksproxy.ax
0x60fe0000 - 0x60fe9000 	C:\Windows\system32\vidcap.ax
0x60d40000 - 0x60d5d000 	C:\Windows\system32\kswdmcap.ax
0x74ce0000 - 0x74dfc000 	C:\Windows\system32\MFC42.dll
0x74c50000 - 0x74cdc000 	C:\Windows\system32\ODBC32.dll
0x749f0000 - 0x74a28000 	C:\Windows\system32\odbcint.dll
0x5d6d0000 - 0x5d702000 	C:\Windows\system32\qcap.dll
0x09ae0000 - 0x09c57000 	C:\Windows\system32\quartz.dll
0x75b70000 - 0x75b76000 	C:\Windows\system32\DCIMAN32.DLL
0x5b530000 - 0x5b541000 	C:\Windows\system32\vfwwdm32.dll
0x6ca80000 - 0x6ca89000 	C:\Windows\system32\msyuv.dll
0x060e0000 - 0x060e8000 	D:\Program Files\Java\jre7\bin\jmddraw.dll
0x76fd0000 - 0x770b7000 	C:\Windows\system32\DDRAW.dll
0x093a0000 - 0x093ab000 	D:\Program Files\Java\jre7\bin\jmvcm.dll
0x6ca70000 - 0x6ca76000 	D:\Program Files\Java\jre7\bin\jawt.dll
0x093d0000 - 0x093d9000 	D:\Program Files\Java\jre7\bin\jmfjawt.dll

VM Arguments:
jvm_args: -Dfile.encoding=UTF-8 
java_command: com.invindible.facetime.ui.MainUI
Launcher Type: SUN_STANDARD

Environment Variables:
JAVA_HOME=D:\Program Files\Java\jdk1.7.0_09
CLASSPATH=.;D:\Program Files\Java\jdk1.7.0_09\lib\dt.jar;D:\Program Files\Java\jdk1.7.0_09\lib\tools.jar;
PATH=D:/Program Files/Java/jdk1.7.0_09/bin/../jre/bin/client;D:/Program Files/Java/jdk1.7.0_09/bin/../jre/bin;D:/Program Files/Java/jdk1.7.0_09/bin/../jre/lib/i386;E:\app\Administrator\product\11.2.0\dbhome_1\bin;D:\Program Files\Java\jdk1.7.0_09\bin;D:\Program Files\Java\jdk1.7.0_09\jre\bin;D:\Program Files\PostgreSQL\9.2\bin;C:\Windows\system32;C:\Windows;C:\Program Files\Microsoft SQL Server\100\Tools\Binn\;C:\Program Files\Microsoft SQL Server\100\DTS\Binn\;C:\opencv\build\x86\vc10\bin;D:\Program Files\TortoiseSVN\bin;C:\Program Files\Microsoft\Web Platform Installer\;C:\Program Files\Microsoft ASP.NET\ASP.NET Web Pages\v1.0\;C:\Windows\system32\wbem;D:\Program Files\juno-eclipse\eclipse;
USERNAME=Administrator
OS=Windows_NT
PROCESSOR_IDENTIFIER=x86 Family 6 Model 37 Stepping 2, GenuineIntel



---------------  S Y S T E M  ---------------

OS: Windows 7 Build 7601 Service Pack 1

CPU:total 4 (2 cores per cpu, 2 threads per core) family 6 model 37 stepping 2, cmov, cx8, fxsr, mmx, sse, sse2, sse3, ssse3, sse4.1, sse4.2, popcnt, ht, tsc, tscinvbit

Memory: 4k page, physical 3651116k(1173896k free), swap 7300480k(3128224k free)

vm_info: Java HotSpot(TM) Client VM (23.5-b02) for windows-x86 JRE (1.7.0_09-b05), built on Sep 24 2012 22:01:33 by "java_re" with unknown MS VC++:1600

time: Mon Jun 24 19:40:39 2013
elapsed time: 36 seconds

